Using pre-set license
Built from '2020.3/staging' branch; Version is '2020.3.5f1 (8095aa901b9b) revision 8426922'; Using compiler version '192528614'; Build Type 'Release'
OS: 'Windows 10 Education; OS build 18363.1500; Version 1909; 64bit' Language: 'en' Physical Memory: 32717 MB
BatchMode: 1, IsHumanControllingUs: 0, StartBugReporterOnCrash: 0, Is64bit: 1, IsPro: 0

 COMMAND LINE ARGUMENTS:
C:\Program Files\Unity\2020.3.5f1\Editor\Unity.exe
-adb2
-batchMode
-noUpm
-name
AssetImportWorker0
-projectPath
D:/Unity Projects/Stylised Pirate Asset Pack_urp
-logFile
Logs/AssetImportWorker0.log
-srvPort
51256
Successfully changed project path to: D:/Unity Projects/Stylised Pirate Asset Pack_urp
D:/Unity Projects/Stylised Pirate Asset Pack_urp
Using Asset Import Pipeline V2.
Refreshing native plugins compatible for Editor in 83.75 ms, found 0 plugins.
Preloading 0 native plugins for Editor in 0.00 ms.
Initialize engine version: 2020.3.5f1 (8095aa901b9b)
[Subsystems] Discovering subsystems at path C:/Program Files/Unity/2020.3.5f1/Editor/Data/Resources/UnitySubsystems
[Subsystems] Discovering subsystems at path D:/Unity Projects/Stylised Pirate Asset Pack_urp/Assets
GfxDevice: creating device client; threaded=0
Direct3D:
    Version:  Direct3D 11.0 [level 11.1]
    Renderer: NVIDIA GeForce RTX 2080 (ID=0x1e82)
    Vendor:   
    VRAM:     8010 MB
    Driver:   27.21.14.6079
Shader 'Universal Render Pipeline/Particles/Lit': fallback shader 'Universal Render Pipeline/Particles/SimpleLit' not found
Initialize mono
Mono path[0] = 'C:/Program Files/Unity/2020.3.5f1/Editor/Data/Managed'
Mono path[1] = 'C:/Program Files/Unity/2020.3.5f1/Editor/Data/MonoBleedingEdge/lib/mono/unityjit'
Mono config path = 'C:/Program Files/Unity/2020.3.5f1/Editor/Data/MonoBleedingEdge/etc'
Using monoOptions --debugger-agent=transport=dt_socket,embedding=1,server=y,suspend=n,address=127.0.0.1:56992
Begin MonoManager ReloadAssembly
Registering precompiled unity dll's ...
Register platform support module: C:/Program Files/Unity/2020.3.5f1/Editor/Data/PlaybackEngines/WebGLSupport/UnityEditor.WebGL.Extensions.dll
Register platform support module: C:/Program Files/Unity/2020.3.5f1/Editor/Data/PlaybackEngines/WindowsStandaloneSupport/UnityEditor.WindowsStandalone.Extensions.dll
Registered in 0.002723 seconds.
Native extension for WindowsStandalone target not found
Native extension for WebGL target not found
Refreshing native plugins compatible for Editor in 82.26 ms, found 0 plugins.
Preloading 0 native plugins for Editor in 0.00 ms.
Mono: successfully reloaded assembly
- Completed reload, in  2.017 seconds
Platform modules already initialized, skipping
Registering precompiled user dll's ...
Registered in 0.001920 seconds.
Begin MonoManager ReloadAssembly
Native extension for WindowsStandalone target not found
Native extension for WebGL target not found
Refreshing native plugins compatible for Editor in 93.62 ms, found 0 plugins.
Preloading 0 native plugins for Editor in 0.00 ms.
Mono: successfully reloaded assembly
- Completed reload, in  1.337 seconds
Platform modules already initialized, skipping
========================================================================
Worker process is ready to serve import requests
Shader 'Universal Render Pipeline/Particles/Lit': fallback shader 'Universal Render Pipeline/Particles/SimpleLit' not found
Launched and connected shader compiler UnityShaderCompiler.exe after 0.04 seconds
Refreshing native plugins compatible for Editor in 0.63 ms, found 0 plugins.
Preloading 0 native plugins for Editor in 0.00 ms.
Unloading 3796 Unused Serialized files (Serialized files now loaded: 0)
System memory in use before: 206.6 MB.
System memory in use after: 206.5 MB.

Unloading 17 unused Assets to reduce memory usage. Loaded Objects now: 4252.
Total: 2.732500 ms (FindLiveObjects: 0.367200 ms CreateObjectMapping: 0.093200 ms MarkObjects: 2.104700 ms  DeleteObjects: 0.166200 ms)

========================================================================
Received Import Request.
  path: Assets/Stylized Pirate Asset Set/Materials/WaterPlane/water_A.png
  artifactKey: Guid(1dfd578c085f7174b9f517b556bd8c17) Importer(815301076,1909f56bfc062723c751e8b465ee728b)
Start importing Assets/Stylized Pirate Asset Set/Materials/WaterPlane/water_A.png using Guid(1dfd578c085f7174b9f517b556bd8c17) Importer(815301076,1909f56bfc062723c751e8b465ee728b)  -> (artifact id: '49cdb3f65b50a7ee6034d96b362f8b0c') in 0.108267 seconds
  Import took 0.113967 seconds .

========================================================================
Received Import Request.
  Time since last request: 0.000179 seconds.
  path: Assets/Stylized Pirate Asset Set/Materials/WaterPlane/water_B.png
  artifactKey: Guid(c0539953490bf3149bbcd2ee16549c3c) Importer(815301076,1909f56bfc062723c751e8b465ee728b)
Start importing Assets/Stylized Pirate Asset Set/Materials/WaterPlane/water_B.png using Guid(c0539953490bf3149bbcd2ee16549c3c) Importer(815301076,1909f56bfc062723c751e8b465ee728b)  -> (artifact id: '7c40a68ba865d748f09c38352090a4c5') in 0.012840 seconds
  Import took 0.018415 seconds .

========================================================================
Received Import Request.
  Time since last request: 18.883031 seconds.
  path: Assets/AssetStoreTools
  artifactKey: Guid(89836e48f1fe38b4aae0c4c1d44b3a5a) Importer(815301076,1909f56bfc062723c751e8b465ee728b)
Start importing Assets/AssetStoreTools using Guid(89836e48f1fe38b4aae0c4c1d44b3a5a) Importer(815301076,1909f56bfc062723c751e8b465ee728b)  -> (artifact id: '187c4ba8ba6e74857e3f73191a3980ce') in 0.020777 seconds
  Import took 0.025999 seconds .

========================================================================
Received Import Request.
  Time since last request: 12.614848 seconds.
  path: Assets/Stylized Pirate Asset Set/Materials/WaterPlane/water_A.png
  artifactKey: Guid(1dfd578c085f7174b9f517b556bd8c17) Importer(815301076,1909f56bfc062723c751e8b465ee728b)
Start importing Assets/Stylized Pirate Asset Set/Materials/WaterPlane/water_A.png using Guid(1dfd578c085f7174b9f517b556bd8c17) Importer(815301076,1909f56bfc062723c751e8b465ee728b)  -> (artifact id: '911bf71a85adea69a00588199c0df6ca') in 0.046854 seconds
  Import took 0.052408 seconds .

========================================================================
Received Import Request.
  Time since last request: 0.000169 seconds.
  path: Assets/Stylized Pirate Asset Set/Materials/WaterPlane/water_B.png
  artifactKey: Guid(c0539953490bf3149bbcd2ee16549c3c) Importer(815301076,1909f56bfc062723c751e8b465ee728b)
Start importing Assets/Stylized Pirate Asset Set/Materials/WaterPlane/water_B.png using Guid(c0539953490bf3149bbcd2ee16549c3c) Importer(815301076,1909f56bfc062723c751e8b465ee728b)  -> (artifact id: '8804f79e0ea244d2399ed7b94ab20092') in 0.010822 seconds
  Import took 0.016258 seconds .

========================================================================
Received Import Request.
  Time since last request: 6.102949 seconds.
  path: Assets/Stylized Pirate Asset Set/Materials/WaterPlane/OpaqueWater.mat
  artifactKey: Guid(8e29836fa3c7a4842a2032ec0c13801e) Importer(815301076,1909f56bfc062723c751e8b465ee728b)
Start importing Assets/Stylized Pirate Asset Set/Materials/WaterPlane/OpaqueWater.mat using Guid(8e29836fa3c7a4842a2032ec0c13801e) Importer(815301076,1909f56bfc062723c751e8b465ee728b) Launched and connected shader compiler UnityShaderCompiler.exe after 0.04 seconds
Launched and connected shader compiler UnityShaderCompiler.exe after 0.04 seconds
Launched and connected shader compiler UnityShaderCompiler.exe after 0.04 seconds
Launched and connected shader compiler UnityShaderCompiler.exe after 0.05 seconds
Launched and connected shader compiler UnityShaderCompiler.exe after 0.06 seconds
Launched and connected shader compiler UnityShaderCompiler.exe after 0.05 seconds
Launched and connected shader compiler UnityShaderCompiler.exe after 0.04 seconds
Launched and connected shader compiler UnityShaderCompiler.exe after 0.05 seconds
Launched and connected shader compiler UnityShaderCompiler.exe after 0.05 seconds
Launched and connected shader compiler UnityShaderCompiler.exe after 0.05 seconds
Launched and connected shader compiler UnityShaderCompiler.exe after 0.05 seconds
Launched and connected shader compiler UnityShaderCompiler.exe after 0.04 seconds
Launched and connected shader compiler UnityShaderCompiler.exe after 0.04 seconds
Launched and connected shader compiler UnityShaderCompiler.exe after 0.04 seconds
Launched and connected shader compiler UnityShaderCompiler.exe after 0.04 seconds
 -> (artifact id: '82b57dfeeb3ef95851594978c8f96f91') in 1.486949 seconds
  Import took 1.494079 seconds .

AssetImportWorkerClient::OnTransportError - code=2 error=End of file
